Replace Part C? C in C:\Users\andre\Desktop\Course 6\shem\Course6\Sheet1.SchDoc with C from ГОСТ.IntLib
Replace Part C? C in C:\Users\andre\Desktop\Course 6\shem\Course6\Sheet1.SchDoc with C from ГОСТ.IntLib
Replace Part C? C in C:\Users\andre\Desktop\Course 6\shem\Course6\Sheet1.SchDoc with C from ГОСТ.IntLib
Replace Part C? C in C:\Users\andre\Desktop\Course 6\shem\Course6\Sheet1.SchDoc with C from ГОСТ.IntLib
Replace Part C? C in C:\Users\andre\Desktop\Course 6\shem\Course6\Sheet1.SchDoc with C from ГОСТ.IntLib
Replace Part C? C in C:\Users\andre\Desktop\Course 6\shem\Course6\Sheet1.SchDoc with C from ГОСТ.IntLib
Replace Part C? C in C:\Users\andre\Desktop\Course 6\shem\Course6\Sheet1.SchDoc with C from ГОСТ.IntLib
Replace Part C? C in C:\Users\andre\Desktop\Course 6\shem\Course6\Sheet1.SchDoc with C from ГОСТ.IntLib
Replace Part C? C in C:\Users\andre\Desktop\Course 6\shem\Course6\Sheet1.SchDoc with C from ГОСТ.IntLib
Replace Part C? C in C:\Users\andre\Desktop\Course 6\shem\Course6\Sheet1.SchDoc with C from ГОСТ.IntLib
Replace Part DD? IC1 in C:\Users\andre\Desktop\Course 6\shem\Course6\Sheet1.SchDoc with IC1 from ГОСТ.IntLib
Replace Part DD? U3 in C:\Users\andre\Desktop\Course 6\shem\Course6\Sheet1.SchDoc with U3 from ГОСТ.IntLib
Replace Part HG? LED in C:\Users\andre\Desktop\Course 6\shem\Course6\Sheet1.SchDoc with LED from ГОСТ.IntLib
Replace Part R? R in C:\Users\andre\Desktop\Course 6\shem\Course6\Sheet1.SchDoc with R from ГОСТ.IntLib
Replace Part R? R in C:\Users\andre\Desktop\Course 6\shem\Course6\Sheet1.SchDoc with R from ГОСТ.IntLib
Replace Part R? R in C:\Users\andre\Desktop\Course 6\shem\Course6\Sheet1.SchDoc with R from ГОСТ.IntLib
Replace Part R? R in C:\Users\andre\Desktop\Course 6\shem\Course6\Sheet1.SchDoc with R from ГОСТ.IntLib
Replace Part R? R in C:\Users\andre\Desktop\Course 6\shem\Course6\Sheet1.SchDoc with R from ГОСТ.IntLib
Replace Part R? R in C:\Users\andre\Desktop\Course 6\shem\Course6\Sheet1.SchDoc with R from ГОСТ.IntLib
Replace Part R? R in C:\Users\andre\Desktop\Course 6\shem\Course6\Sheet1.SchDoc with R from ГОСТ.IntLib
Replace Part R? R in C:\Users\andre\Desktop\Course 6\shem\Course6\Sheet1.SchDoc with R from ГОСТ.IntLib
Replace Part R? R in C:\Users\andre\Desktop\Course 6\shem\Course6\Sheet1.SchDoc with R from ГОСТ.IntLib
Replace Part R? R in C:\Users\andre\Desktop\Course 6\shem\Course6\Sheet1.SchDoc with R from ГОСТ.IntLib
Replace Part R? R in C:\Users\andre\Desktop\Course 6\shem\Course6\Sheet1.SchDoc with R from ГОСТ.IntLib
Replace Part R? R in C:\Users\andre\Desktop\Course 6\shem\Course6\Sheet1.SchDoc with R from ГОСТ.IntLib
Replace Part R? R in C:\Users\andre\Desktop\Course 6\shem\Course6\Sheet1.SchDoc with R from ГОСТ.IntLib
Replace Part R? R in C:\Users\andre\Desktop\Course 6\shem\Course6\Sheet1.SchDoc with R from ГОСТ.IntLib
Replace Part R? R in C:\Users\andre\Desktop\Course 6\shem\Course6\Sheet1.SchDoc with R from ГОСТ.IntLib
Replace Part R? R in C:\Users\andre\Desktop\Course 6\shem\Course6\Sheet1.SchDoc with R from ГОСТ.IntLib
Replace Part SB? SB in C:\Users\andre\Desktop\Course 6\shem\Course6\Sheet1.SchDoc with SB from ГОСТ.IntLib
Replace Part SB? SB in C:\Users\andre\Desktop\Course 6\shem\Course6\Sheet1.SchDoc with SB from ГОСТ.IntLib
Replace Part SB? SB in C:\Users\andre\Desktop\Course 6\shem\Course6\Sheet1.SchDoc with SB from ГОСТ.IntLib
Replace Part VT? Q in C:\Users\andre\Desktop\Course 6\shem\Course6\Sheet1.SchDoc with Q from ГОСТ.IntLib
Replace Part VT? Q in C:\Users\andre\Desktop\Course 6\shem\Course6\Sheet1.SchDoc with Q from ГОСТ.IntLib
Replace Part VT? Q in C:\Users\andre\Desktop\Course 6\shem\Course6\Sheet1.SchDoc with Q from ГОСТ.IntLib
Replace Part VT? Q in C:\Users\andre\Desktop\Course 6\shem\Course6\Sheet1.SchDoc with Q from ГОСТ.IntLib
Replace Part X? X in C:\Users\andre\Desktop\Course 6\shem\Course6\Sheet1.SchDoc with X from ГОСТ.IntLib
Replace Part ZQ? Z in C:\Users\andre\Desktop\Course 6\shem\Course6\Sheet1.SchDoc with Z from ГОСТ.IntLib
Replace Part ZQ? Z in C:\Users\andre\Desktop\Course 6\shem\Course6\Sheet1.SchDoc with Z from ГОСТ.IntLib
