Change Component Designator: Old Designator=C1 New Designator=C13
Change Component Designator: Old Designator=C2 New Designator=C14
Change Component Designator: Old Designator=C3 New Designator=C15
Change Component Designator: Old Designator=C4 New Designator=C16
Change Component Designator: Old Designator=C5 New Designator=C19
Change Component Designator: Old Designator=C6 New Designator=C20
Change Component Designator: Old Designator=C7 New Designator=C17
Change Component Designator: Old Designator=C8 New Designator=C1
Change Component Designator: Old Designator=C9 New Designator=C18
Change Component Designator: Old Designator=C10 New Designator=C7
Change Component Designator: Old Designator=C11 New Designator=C2
Change Component Designator: Old Designator=C12 New Designator=C9
Change Component Designator: Old Designator=C13 New Designator=C8
Change Component Designator: Old Designator=C14 New Designator=C3
Change Component Designator: Old Designator=C15 New Designator=C5
Change Component Designator: Old Designator=C16 New Designator=C12
Change Component Designator: Old Designator=C17 New Designator=C4
Change Component Designator: Old Designator=C18 New Designator=C6
Change Component Designator: Old Designator=C19 New Designator=C10
Change Component Designator: Old Designator=C20 New Designator=C11
Change Component Designator: Old Designator=DA1 New Designator=DA2
Change Component Designator: Old Designator=DA3 New Designator=DA1
Change Component Designator: Old Designator=DD2 New Designator=DD4
Change Component Designator: Old Designator=DD4 New Designator=DD2
Change Component Designator: Old Designator=HL1 New Designator=HL3
Change Component Designator: Old Designator=HL3 New Designator=HL1
Change Component Designator: Old Designator=K1 New Designator=K3
Change Component Designator: Old Designator=K2 New Designator=K1
Change Component Designator: Old Designator=K3 New Designator=K4
Change Component Designator: Old Designator=K4 New Designator=K2
Change Component Designator: Old Designator=K5 New Designator=K6
Change Component Designator: Old Designator=K6 New Designator=K8
Change Component Designator: Old Designator=K7 New Designator=K5
Change Component Designator: Old Designator=K8 New Designator=K7
Change Component Designator: Old Designator=L1 New Designator=L2
Change Component Designator: Old Designator=L2 New Designator=L1
Change Component Designator: Old Designator=R1 New Designator=R9
Change Component Designator: Old Designator=R2 New Designator=R14
Change Component Designator: Old Designator=R3 New Designator=R16
Change Component Designator: Old Designator=R4 New Designator=R17
Change Component Designator: Old Designator=R5 New Designator=R1
Change Component Designator: Old Designator=R6 New Designator=R2
Change Component Designator: Old Designator=R7 New Designator=R3
Change Component Designator: Old Designator=R8 New Designator=R4
Change Component Designator: Old Designator=R9 New Designator=R5
Change Component Designator: Old Designator=R10 New Designator=R6
Change Component Designator: Old Designator=R11 New Designator=R7
Change Component Designator: Old Designator=R12 New Designator=R8
Change Component Designator: Old Designator=R13 New Designator=R24
Change Component Designator: Old Designator=R14 New Designator=R25
Change Component Designator: Old Designator=R15 New Designator=R19
Change Component Designator: Old Designator=R16 New Designator=R26
Change Component Designator: Old Designator=R17 New Designator=R21
Change Component Designator: Old Designator=R18 New Designator=R10
Change Component Designator: Old Designator=R19 New Designator=R11
Change Component Designator: Old Designator=R21 New Designator=R12
Change Component Designator: Old Designator=R22 New Designator=R13
Change Component Designator: Old Designator=R23 New Designator=R18
Change Component Designator: Old Designator=R24 New Designator=R22
Change Component Designator: Old Designator=R25 New Designator=R23
Change Component Designator: Old Designator=R26 New Designator=R15
Change Component Designator: Old Designator=XP1 New Designator=XP2
Change Component Designator: Old Designator=XP2 New Designator=XP1
Change Component Designator: Old Designator=XP3 New Designator=XP5
Change Component Designator: Old Designator=XP4 New Designator=XP3
Change Component Designator: Old Designator=XP5 New Designator=XP4
Change Component Designator: Old Designator=ZQ1 New Designator=ZQ2
Change Component Designator: Old Designator=ZQ2 New Designator=ZQ1
